<?xml version="1.0" encoding="UTF-8"?>
<!-- Generated by org.testng.reporters.JUnitXMLReporter -->
<testsuite hostname="Admin" ignored="0" name="Run on chrome browser" tests="4" failures="1" timestamp="10 Feb 2023 11:59:46 GMT" time="43.979" errors="0">
  <testcase name="TC_01_Login_With_Empty_User_Password" time="6.251" classname="com.techpanda.admin.Admin"/>
  <testcase name="TC_02_Login_With_Invalid_User_Password" time="5.084" classname="com.techpanda.admin.Admin"/>
  <testcase name="TC_03_Login_With_Valid_User_Password" time="13.102" classname="com.techpanda.admin.Admin"/>
  <testcase name="TC_04_Search_With_Emty_All_Of_Customer" time="12.752" classname="com.techpanda.admin.Admin">
    <failure type="java.lang.ClassCastException" message="java.util.ArrayList cannot be cast to org.openqa.selenium.WebElement">
      <![CDATA[java.lang.ClassCastException: java.util.ArrayList cannot be cast to org.openqa.selenium.WebElement
at commons.BasePage.isListElementDisPlayedInDom(BasePage.java:336)
at pageObject.admin.AdminManageCustomerPageObject.isCustomerInforDislayed(AdminManageCustomerPageObject.java:45)
at com.techpanda.admin.Admin.TC_04_Search_With_Emty_All_Of_Customer(Admin.java:100)
... Removed 25 stack frames]]>
    </failure>
  </testcase> <!-- TC_04_Search_With_Emty_All_Of_Customer -->
</testsuite> <!-- Run on chrome browser -->
