<?xml version="1.0" encoding="UTF-8"?>
<!-- Generated by org.testng.reporters.JUnitXMLReporter -->
<testsuite hostname="Admin" ignored="0" name="Run on chrome browser" tests="12" failures="0" timestamp="11 Feb 2023 10:19:23 GMT" time="91.573" errors="0">
  <testcase name="TC_01_Login_With_Empty_User_Password" time="6.439" classname="com.techpanda.admin.Admin"/>
  <testcase name="TC_02_Login_With_Invalid_User_Password" time="4.265" classname="com.techpanda.admin.Admin"/>
  <testcase name="TC_03_Login_With_Valid_User_Password" time="9.178" classname="com.techpanda.admin.Admin"/>
  <testcase name="TC_04_Search_With_Emty_All_Of_Customer" time="6.054" classname="com.techpanda.admin.Admin"/>
  <testcase name="TC_05_Search_With_Invalid_Email_Of_Customer" time="6.415" classname="com.techpanda.admin.Admin"/>
  <testcase name="TC_06_Search_With_Valid_Email_Of_Customer" time="7.507" classname="com.techpanda.admin.Admin"/>
  <testcase name="TC_07_Search_With_Empty_All_Of_Orders" time="6.284" classname="com.techpanda.admin.Admin"/>
  <testcase name="TC_08_Search_With_Valid_Bill_To_Name_Of_Orders" time="7.734" classname="com.techpanda.admin.Admin"/>
  <testcase name="TC_09_Search_With_Invalid_Bill_To_Name_Of_Orders" time="4.445" classname="com.techpanda.admin.Admin"/>
  <testcase name="TC_10_Search_With_Empty_All_Of_All_Reviews" time="8.044" classname="com.techpanda.admin.Admin"/>
  <testcase name="TC_11_Search_With_Invalid_Nick_Name_Of_All_Reviews" time="5.063" classname="com.techpanda.admin.Admin"/>
  <testcase name="TC_12_Search_With_Valid_Nick_Name_Of_All_Reviews" time="12.862" classname="com.techpanda.admin.Admin"/>
</testsuite> <!-- Run on chrome browser -->
