<?xml version="1.0" encoding="UTF-8"?>
<testng-results skipped="0" failed="0" ignored="0" total="12" passed="12">
  <reporter-output>
  </reporter-output>
  <suite name="Suite" duration-ms="91573" started-at="2023-02-11T10:17:51Z" finished-at="2023-02-11T10:19:23Z">
    <groups>
    </groups>
    <test name="Run on chrome browser" duration-ms="91573" started-at="2023-02-11T10:17:51Z" finished-at="2023-02-11T10:19:23Z">
      <class name="com.techpanda.admin.Admin">
        <test-method status="PASS" signature="beforeSuite()[pri:0, instance:com.techpanda.admin.Admin@23eee4b8]" name="beforeSuite" is-config="true" duration-ms="49" started-at="2023-02-11T10:17:51Z" finished-at="2023-02-11T10:17:51Z">
          <reporter-output>
          </reporter-output>
        </test-method> <!-- beforeSuite -->
        <test-method status="PASS" signature="beforeClass(java.lang.String, java.lang.String, java.lang.String, java.lang.String, java.lang.String, java.lang.String, java.lang.String)[pri:0, instance:com.techpanda.admin.Admin@23eee4b8]" name="beforeClass" is-config="true" duration-ms="6473" started-at="2023-02-11T10:17:51Z" finished-at="2023-02-11T10:17:57Z">
          <params>
            <param index="0">
              <value>
                <![CDATA[local]]>
              </value>
            </param>
            <param index="1">
              <value>
                <![CDATA[ADMIN]]>
              </value>
            </param>
            <param index="2">
              <value>
                <![CDATA[Chrome]]>
              </value>
            </param>
            <param index="3">
              <value>
                <![CDATA[localhost]]>
              </value>
            </param>
            <param index="4">
              <value>
                <![CDATA[5555]]>
              </value>
            </param>
            <param index="5">
              <value>
                <![CDATA[Windows]]>
              </value>
            </param>
            <param index="6">
              <value>
                <![CDATA[10]]>
              </value>
            </param>
          </params>
          <reporter-output>
          </reporter-output>
        </test-method> <!-- beforeClass -->
        <test-method status="PASS" signature="TC_01_Login_With_Empty_User_Password(java.lang.reflect.Method)[pri:0, instance:com.techpanda.admin.Admin@23eee4b8]" name="TC_01_Login_With_Empty_User_Password" duration-ms="6439" started-at="2023-02-11T10:17:57Z" finished-at="2023-02-11T10:18:04Z">
          <params>
            <param index="0">
              <value>
                <![CDATA[public void com.techpanda.admin.Admin.TC_01_Login_With_Empty_User_Password(java.lang.reflect.Method)]]>
              </value>
            </param>
          </params>
          <reporter-output>
          </reporter-output>
        </test-method> <!-- TC_01_Login_With_Empty_User_Password -->
        <test-method status="PASS" signature="TC_02_Login_With_Invalid_User_Password(java.lang.reflect.Method)[pri:0, instance:com.techpanda.admin.Admin@23eee4b8]" name="TC_02_Login_With_Invalid_User_Password" duration-ms="4265" started-at="2023-02-11T10:18:04Z" finished-at="2023-02-11T10:18:08Z">
          <params>
            <param index="0">
              <value>
                <![CDATA[public void com.techpanda.admin.Admin.TC_02_Login_With_Invalid_User_Password(java.lang.reflect.Method)]]>
              </value>
            </param>
          </params>
          <reporter-output>
          </reporter-output>
        </test-method> <!-- TC_02_Login_With_Invalid_User_Password -->
        <test-method status="PASS" signature="TC_03_Login_With_Valid_User_Password(java.lang.reflect.Method)[pri:0, instance:com.techpanda.admin.Admin@23eee4b8]" name="TC_03_Login_With_Valid_User_Password" duration-ms="9178" started-at="2023-02-11T10:18:08Z" finished-at="2023-02-11T10:18:17Z">
          <params>
            <param index="0">
              <value>
                <![CDATA[public void com.techpanda.admin.Admin.TC_03_Login_With_Valid_User_Password(java.lang.reflect.Method)]]>
              </value>
            </param>
          </params>
          <reporter-output>
          </reporter-output>
        </test-method> <!-- TC_03_Login_With_Valid_User_Password -->
        <test-method status="PASS" signature="TC_04_Search_With_Emty_All_Of_Customer(java.lang.reflect.Method)[pri:0, instance:com.techpanda.admin.Admin@23eee4b8]" name="TC_04_Search_With_Emty_All_Of_Customer" duration-ms="6054" started-at="2023-02-11T10:18:17Z" finished-at="2023-02-11T10:18:24Z">
          <params>
            <param index="0">
              <value>
                <![CDATA[public void com.techpanda.admin.Admin.TC_04_Search_With_Emty_All_Of_Customer(java.lang.reflect.Method)]]>
              </value>
            </param>
          </params>
          <reporter-output>
          </reporter-output>
        </test-method> <!-- TC_04_Search_With_Emty_All_Of_Customer -->
        <test-method status="PASS" signature="TC_05_Search_With_Invalid_Email_Of_Customer(java.lang.reflect.Method)[pri:0, instance:com.techpanda.admin.Admin@23eee4b8]" name="TC_05_Search_With_Invalid_Email_Of_Customer" duration-ms="6415" started-at="2023-02-11T10:18:24Z" finished-at="2023-02-11T10:18:30Z">
          <params>
            <param index="0">
              <value>
                <![CDATA[public void com.techpanda.admin.Admin.TC_05_Search_With_Invalid_Email_Of_Customer(java.lang.reflect.Method)]]>
              </value>
            </param>
          </params>
          <reporter-output>
          </reporter-output>
        </test-method> <!-- TC_05_Search_With_Invalid_Email_Of_Customer -->
        <test-method status="PASS" signature="TC_06_Search_With_Valid_Email_Of_Customer(java.lang.reflect.Method)[pri:0, instance:com.techpanda.admin.Admin@23eee4b8]" name="TC_06_Search_With_Valid_Email_Of_Customer" duration-ms="7507" started-at="2023-02-11T10:18:30Z" finished-at="2023-02-11T10:18:37Z">
          <params>
            <param index="0">
              <value>
                <![CDATA[public void com.techpanda.admin.Admin.TC_06_Search_With_Valid_Email_Of_Customer(java.lang.reflect.Method)]]>
              </value>
            </param>
          </params>
          <reporter-output>
          </reporter-output>
        </test-method> <!-- TC_06_Search_With_Valid_Email_Of_Customer -->
        <test-method status="PASS" signature="TC_07_Search_With_Empty_All_Of_Orders(java.lang.reflect.Method)[pri:0, instance:com.techpanda.admin.Admin@23eee4b8]" name="TC_07_Search_With_Empty_All_Of_Orders" duration-ms="6284" started-at="2023-02-11T10:18:37Z" finished-at="2023-02-11T10:18:44Z">
          <params>
            <param index="0">
              <value>
                <![CDATA[public void com.techpanda.admin.Admin.TC_07_Search_With_Empty_All_Of_Orders(java.lang.reflect.Method)]]>
              </value>
            </param>
          </params>
          <reporter-output>
          </reporter-output>
        </test-method> <!-- TC_07_Search_With_Empty_All_Of_Orders -->
        <test-method status="PASS" signature="TC_08_Search_With_Valid_Bill_To_Name_Of_Orders(java.lang.reflect.Method)[pri:0, instance:com.techpanda.admin.Admin@23eee4b8]" name="TC_08_Search_With_Valid_Bill_To_Name_Of_Orders" duration-ms="7734" started-at="2023-02-11T10:18:44Z" finished-at="2023-02-11T10:18:51Z">
          <params>
            <param index="0">
              <value>
                <![CDATA[public void com.techpanda.admin.Admin.TC_08_Search_With_Valid_Bill_To_Name_Of_Orders(java.lang.reflect.Method)]]>
              </value>
            </param>
          </params>
          <reporter-output>
          </reporter-output>
        </test-method> <!-- TC_08_Search_With_Valid_Bill_To_Name_Of_Orders -->
        <test-method status="PASS" signature="TC_09_Search_With_Invalid_Bill_To_Name_Of_Orders(java.lang.reflect.Method)[pri:0, instance:com.techpanda.admin.Admin@23eee4b8]" name="TC_09_Search_With_Invalid_Bill_To_Name_Of_Orders" duration-ms="4445" started-at="2023-02-11T10:18:51Z" finished-at="2023-02-11T10:18:56Z">
          <params>
            <param index="0">
              <value>
                <![CDATA[public void com.techpanda.admin.Admin.TC_09_Search_With_Invalid_Bill_To_Name_Of_Orders(java.lang.reflect.Method)]]>
              </value>
            </param>
          </params>
          <reporter-output>
          </reporter-output>
        </test-method> <!-- TC_09_Search_With_Invalid_Bill_To_Name_Of_Orders -->
        <test-method status="PASS" signature="TC_10_Search_With_Empty_All_Of_All_Reviews(java.lang.reflect.Method)[pri:0, instance:com.techpanda.admin.Admin@23eee4b8]" name="TC_10_Search_With_Empty_All_Of_All_Reviews" duration-ms="8044" started-at="2023-02-11T10:18:56Z" finished-at="2023-02-11T10:19:04Z">
          <params>
            <param index="0">
              <value>
                <![CDATA[public void com.techpanda.admin.Admin.TC_10_Search_With_Empty_All_Of_All_Reviews(java.lang.reflect.Method)]]>
              </value>
            </param>
          </params>
          <reporter-output>
          </reporter-output>
        </test-method> <!-- TC_10_Search_With_Empty_All_Of_All_Reviews -->
        <test-method status="PASS" signature="TC_11_Search_With_Invalid_Nick_Name_Of_All_Reviews(java.lang.reflect.Method)[pri:0, instance:com.techpanda.admin.Admin@23eee4b8]" name="TC_11_Search_With_Invalid_Nick_Name_Of_All_Reviews" duration-ms="5063" started-at="2023-02-11T10:19:04Z" finished-at="2023-02-11T10:19:09Z">
          <params>
            <param index="0">
              <value>
                <![CDATA[public void com.techpanda.admin.Admin.TC_11_Search_With_Invalid_Nick_Name_Of_All_Reviews(java.lang.reflect.Method)]]>
              </value>
            </param>
          </params>
          <reporter-output>
          </reporter-output>
        </test-method> <!-- TC_11_Search_With_Invalid_Nick_Name_Of_All_Reviews -->
        <test-method status="PASS" signature="TC_12_Search_With_Valid_Nick_Name_Of_All_Reviews(java.lang.reflect.Method)[pri:0, instance:com.techpanda.admin.Admin@23eee4b8]" name="TC_12_Search_With_Valid_Nick_Name_Of_All_Reviews" duration-ms="12862" started-at="2023-02-11T10:19:09Z" finished-at="2023-02-11T10:19:22Z">
          <params>
            <param index="0">
              <value>
                <![CDATA[public void com.techpanda.admin.Admin.TC_12_Search_With_Valid_Nick_Name_Of_All_Reviews(java.lang.reflect.Method)]]>
              </value>
            </param>
          </params>
          <reporter-output>
          </reporter-output>
        </test-method> <!-- TC_12_Search_With_Valid_Nick_Name_Of_All_Reviews -->
        <test-method status="PASS" signature="afterClass()[pri:0, instance:com.techpanda.admin.Admin@23eee4b8]" name="afterClass" is-config="true" duration-ms="595" started-at="2023-02-11T10:19:22Z" finished-at="2023-02-11T10:19:23Z">
          <reporter-output>
          </reporter-output>
        </test-method> <!-- afterClass -->
      </class> <!-- com.techpanda.admin.Admin -->
    </test> <!-- Run on chrome browser -->
  </suite> <!-- Suite -->
</testng-results>
